2022-04-13 12:22:54.447 DEBUG [main] [org.apache.poi.openxml4j.opc.PackageRelationshipCollection.parseRelationshipsPart(PackageRelationshipCollection.java:309)] - Parsing relationship: /xl/_rels/workbook.xml.rels
2022-04-13 12:22:54.467 DEBUG [main] [org.apache.poi.openxml4j.opc.PackageRelationshipCollection.parseRelationshipsPart(PackageRelationshipCollection.java:309)] - Parsing relationship: /xl/worksheets/_rels/sheet1.xml.rels
2022-04-13 12:22:54.471 DEBUG [main] [org.apache.poi.openxml4j.opc.PackageRelationshipCollection.parseRelationshipsPart(PackageRelationshipCollection.java:309)] - Parsing relationship: /_rels/.rels
2022-04-13 12:22:55.001 DEBUG [main] [org.apache.poi.ooxml.POIXMLFactory.createDocumentPart(POIXMLFactory.java:65)] - using default POIXMLDocumentPart for http://schemas.openxmlformats.org/officeDocument/2006/relationships/printerSettings
2022-04-13 12:22:55.145 DEBUG [main] [org.apache.poi.openxml4j.opc.PackageRelationshipCollection.parseRelationshipsPart(PackageRelationshipCollection.java:309)] - Parsing relationship: /xl/_rels/workbook.xml.rels
2022-04-13 12:22:55.148 DEBUG [main] [org.apache.poi.openxml4j.opc.PackageRelationshipCollection.parseRelationshipsPart(PackageRelationshipCollection.java:309)] - Parsing relationship: /xl/worksheets/_rels/sheet1.xml.rels
2022-04-13 12:22:55.150 DEBUG [main] [org.apache.poi.openxml4j.opc.PackageRelationshipCollection.parseRelationshipsPart(PackageRelationshipCollection.java:309)] - Parsing relationship: /_rels/.rels
2022-04-13 12:22:55.170 DEBUG [main] [org.apache.poi.ooxml.POIXMLFactory.createDocumentPart(POIXMLFactory.java:65)] - using default POIXMLDocumentPart for http://schemas.openxmlformats.org/officeDocument/2006/relationships/printerSettings
2022-04-13 12:22:55.202 DEBUG [main] [org.apache.poi.openxml4j.opc.PackageRelationshipCollection.parseRelationshipsPart(PackageRelationshipCollection.java:309)] - Parsing relationship: /xl/_rels/workbook.xml.rels
2022-04-13 12:22:55.204 DEBUG [main] [org.apache.poi.openxml4j.opc.PackageRelationshipCollection.parseRelationshipsPart(PackageRelationshipCollection.java:309)] - Parsing relationship: /xl/worksheets/_rels/sheet1.xml.rels
2022-04-13 12:22:55.206 DEBUG [main] [org.apache.poi.openxml4j.opc.PackageRelationshipCollection.parseRelationshipsPart(PackageRelationshipCollection.java:309)] - Parsing relationship: /_rels/.rels
2022-04-13 12:22:55.222 DEBUG [main] [org.apache.poi.ooxml.POIXMLFactory.createDocumentPart(POIXMLFactory.java:65)] - using default POIXMLDocumentPart for http://schemas.openxmlformats.org/officeDocument/2006/relationships/printerSettings
2022-04-13 12:22:55.245 DEBUG [main] [org.apache.poi.openxml4j.opc.PackageRelationshipCollection.parseRelationshipsPart(PackageRelationshipCollection.java:309)] - Parsing relationship: /xl/_rels/workbook.xml.rels
2022-04-13 12:22:55.248 DEBUG [main] [org.apache.poi.openxml4j.opc.PackageRelationshipCollection.parseRelationshipsPart(PackageRelationshipCollection.java:309)] - Parsing relationship: /xl/worksheets/_rels/sheet1.xml.rels
2022-04-13 12:22:55.250 DEBUG [main] [org.apache.poi.openxml4j.opc.PackageRelationshipCollection.parseRelationshipsPart(PackageRelationshipCollection.java:309)] - Parsing relationship: /_rels/.rels
2022-04-13 12:22:55.263 DEBUG [main] [org.apache.poi.ooxml.POIXMLFactory.createDocumentPart(POIXMLFactory.java:65)] - using default POIXMLDocumentPart for http://schemas.openxmlformats.org/officeDocument/2006/relationships/printerSettings
2022-04-13 12:22:55.282 DEBUG [main] [org.apache.poi.openxml4j.opc.PackageRelationshipCollection.parseRelationshipsPart(PackageRelationshipCollection.java:309)] - Parsing relationship: /xl/_rels/workbook.xml.rels
2022-04-13 12:22:55.283 DEBUG [main] [org.apache.poi.openxml4j.opc.PackageRelationshipCollection.parseRelationshipsPart(PackageRelationshipCollection.java:309)] - Parsing relationship: /xl/worksheets/_rels/sheet1.xml.rels
2022-04-13 12:22:55.285 DEBUG [main] [org.apache.poi.openxml4j.opc.PackageRelationshipCollection.parseRelationshipsPart(PackageRelationshipCollection.java:309)] - Parsing relationship: /_rels/.rels
2022-04-13 12:22:55.298 DEBUG [main] [org.apache.poi.ooxml.POIXMLFactory.createDocumentPart(POIXMLFactory.java:65)] - using default POIXMLDocumentPart for http://schemas.openxmlformats.org/officeDocument/2006/relationships/printerSettings
2022-04-13 12:29:48.041 INFO [main] [POSTapiTests.postData(POSTapiTests.java:44)] - Fetching the user database from excel file
2022-04-13 12:29:48.290 DEBUG [main] [org.apache.poi.openxml4j.opc.PackageRelationshipCollection.parseRelationshipsPart(PackageRelationshipCollection.java:309)] - Parsing relationship: /xl/_rels/workbook.xml.rels
2022-04-13 12:29:48.295 DEBUG [main] [org.apache.poi.openxml4j.opc.PackageRelationshipCollection.parseRelationshipsPart(PackageRelationshipCollection.java:309)] - Parsing relationship: /xl/worksheets/_rels/sheet1.xml.rels
2022-04-13 12:29:48.298 DEBUG [main] [org.apache.poi.openxml4j.opc.PackageRelationshipCollection.parseRelationshipsPart(PackageRelationshipCollection.java:309)] - Parsing relationship: /_rels/.rels
2022-04-13 12:29:48.903 DEBUG [main] [org.apache.poi.ooxml.POIXMLFactory.createDocumentPart(POIXMLFactory.java:65)] - using default POIXMLDocumentPart for http://schemas.openxmlformats.org/officeDocument/2006/relationships/printerSettings
2022-04-13 12:29:49.036 DEBUG [main] [org.apache.poi.openxml4j.opc.PackageRelationshipCollection.parseRelationshipsPart(PackageRelationshipCollection.java:309)] - Parsing relationship: /xl/_rels/workbook.xml.rels
2022-04-13 12:29:49.040 DEBUG [main] [org.apache.poi.openxml4j.opc.PackageRelationshipCollection.parseRelationshipsPart(PackageRelationshipCollection.java:309)] - Parsing relationship: /xl/worksheets/_rels/sheet1.xml.rels
2022-04-13 12:29:49.043 DEBUG [main] [org.apache.poi.openxml4j.opc.PackageRelationshipCollection.parseRelationshipsPart(PackageRelationshipCollection.java:309)] - Parsing relationship: /_rels/.rels
2022-04-13 12:29:49.067 DEBUG [main] [org.apache.poi.ooxml.POIXMLFactory.createDocumentPart(POIXMLFactory.java:65)] - using default POIXMLDocumentPart for http://schemas.openxmlformats.org/officeDocument/2006/relationships/printerSettings
2022-04-13 12:29:49.107 DEBUG [main] [org.apache.poi.openxml4j.opc.PackageRelationshipCollection.parseRelationshipsPart(PackageRelationshipCollection.java:309)] - Parsing relationship: /xl/_rels/workbook.xml.rels
2022-04-13 12:29:49.110 DEBUG [main] [org.apache.poi.openxml4j.opc.PackageRelationshipCollection.parseRelationshipsPart(PackageRelationshipCollection.java:309)] - Parsing relationship: /xl/worksheets/_rels/sheet1.xml.rels
2022-04-13 12:29:49.112 DEBUG [main] [org.apache.poi.openxml4j.opc.PackageRelationshipCollection.parseRelationshipsPart(PackageRelationshipCollection.java:309)] - Parsing relationship: /_rels/.rels
2022-04-13 12:29:49.129 DEBUG [main] [org.apache.poi.ooxml.POIXMLFactory.createDocumentPart(POIXMLFactory.java:65)] - using default POIXMLDocumentPart for http://schemas.openxmlformats.org/officeDocument/2006/relationships/printerSettings
2022-04-13 12:29:49.152 DEBUG [main] [org.apache.poi.openxml4j.opc.PackageRelationshipCollection.parseRelationshipsPart(PackageRelationshipCollection.java:309)] - Parsing relationship: /xl/_rels/workbook.xml.rels
2022-04-13 12:29:49.153 DEBUG [main] [org.apache.poi.openxml4j.opc.PackageRelationshipCollection.parseRelationshipsPart(PackageRelationshipCollection.java:309)] - Parsing relationship: /xl/worksheets/_rels/sheet1.xml.rels
2022-04-13 12:29:49.155 DEBUG [main] [org.apache.poi.openxml4j.opc.PackageRelationshipCollection.parseRelationshipsPart(PackageRelationshipCollection.java:309)] - Parsing relationship: /_rels/.rels
2022-04-13 12:29:49.171 DEBUG [main] [org.apache.poi.ooxml.POIXMLFactory.createDocumentPart(POIXMLFactory.java:65)] - using default POIXMLDocumentPart for http://schemas.openxmlformats.org/officeDocument/2006/relationships/printerSettings
2022-04-13 12:29:49.192 DEBUG [main] [org.apache.poi.openxml4j.opc.PackageRelationshipCollection.parseRelationshipsPart(PackageRelationshipCollection.java:309)] - Parsing relationship: /xl/_rels/workbook.xml.rels
2022-04-13 12:29:49.194 DEBUG [main] [org.apache.poi.openxml4j.opc.PackageRelationshipCollection.parseRelationshipsPart(PackageRelationshipCollection.java:309)] - Parsing relationship: /xl/worksheets/_rels/sheet1.xml.rels
2022-04-13 12:29:49.195 DEBUG [main] [org.apache.poi.openxml4j.opc.PackageRelationshipCollection.parseRelationshipsPart(PackageRelationshipCollection.java:309)] - Parsing relationship: /_rels/.rels
2022-04-13 12:29:49.210 DEBUG [main] [org.apache.poi.ooxml.POIXMLFactory.createDocumentPart(POIXMLFactory.java:65)] - using default POIXMLDocumentPart for http://schemas.openxmlformats.org/officeDocument/2006/relationships/printerSettings
2022-04-13 12:29:49.284 INFO [main] [POSTapiTests.postData(POSTapiTests.java:63)] - name, gender, email and status added
2022-04-13 12:32:41.053 INFO [main] [POSTapiTests.postData(POSTapiTests.java:36)] - Fetching the user database from excel file
2022-04-13 12:32:41.267 DEBUG [main] [org.apache.poi.openxml4j.opc.PackageRelationshipCollection.parseRelationshipsPart(PackageRelationshipCollection.java:309)] - Parsing relationship: /xl/_rels/workbook.xml.rels
2022-04-13 12:32:41.273 DEBUG [main] [org.apache.poi.openxml4j.opc.PackageRelationshipCollection.parseRelationshipsPart(PackageRelationshipCollection.java:309)] - Parsing relationship: /xl/worksheets/_rels/sheet1.xml.rels
2022-04-13 12:32:41.275 DEBUG [main] [org.apache.poi.openxml4j.opc.PackageRelationshipCollection.parseRelationshipsPart(PackageRelationshipCollection.java:309)] - Parsing relationship: /_rels/.rels
2022-04-13 12:32:41.789 DEBUG [main] [org.apache.poi.ooxml.POIXMLFactory.createDocumentPart(POIXMLFactory.java:65)] - using default POIXMLDocumentPart for http://schemas.openxmlformats.org/officeDocument/2006/relationships/printerSettings
2022-04-13 12:32:41.921 DEBUG [main] [org.apache.poi.openxml4j.opc.PackageRelationshipCollection.parseRelationshipsPart(PackageRelationshipCollection.java:309)] - Parsing relationship: /xl/_rels/workbook.xml.rels
2022-04-13 12:32:41.924 DEBUG [main] [org.apache.poi.openxml4j.opc.PackageRelationshipCollection.parseRelationshipsPart(PackageRelationshipCollection.java:309)] - Parsing relationship: /xl/worksheets/_rels/sheet1.xml.rels
2022-04-13 12:32:41.926 DEBUG [main] [org.apache.poi.openxml4j.opc.PackageRelationshipCollection.parseRelationshipsPart(PackageRelationshipCollection.java:309)] - Parsing relationship: /_rels/.rels
2022-04-13 12:32:41.947 DEBUG [main] [org.apache.poi.ooxml.POIXMLFactory.createDocumentPart(POIXMLFactory.java:65)] - using default POIXMLDocumentPart for http://schemas.openxmlformats.org/officeDocument/2006/relationships/printerSettings
2022-04-13 12:32:41.980 DEBUG [main] [org.apache.poi.openxml4j.opc.PackageRelationshipCollection.parseRelationshipsPart(PackageRelationshipCollection.java:309)] - Parsing relationship: /xl/_rels/workbook.xml.rels
2022-04-13 12:32:41.983 DEBUG [main] [org.apache.poi.openxml4j.opc.PackageRelationshipCollection.parseRelationshipsPart(PackageRelationshipCollection.java:309)] - Parsing relationship: /xl/worksheets/_rels/sheet1.xml.rels
2022-04-13 12:32:41.985 DEBUG [main] [org.apache.poi.openxml4j.opc.PackageRelationshipCollection.parseRelationshipsPart(PackageRelationshipCollection.java:309)] - Parsing relationship: /_rels/.rels
2022-04-13 12:32:42.000 DEBUG [main] [org.apache.poi.ooxml.POIXMLFactory.createDocumentPart(POIXMLFactory.java:65)] - using default POIXMLDocumentPart for http://schemas.openxmlformats.org/officeDocument/2006/relationships/printerSettings
2022-04-13 12:32:42.019 DEBUG [main] [org.apache.poi.openxml4j.opc.PackageRelationshipCollection.parseRelationshipsPart(PackageRelationshipCollection.java:309)] - Parsing relationship: /xl/_rels/workbook.xml.rels
2022-04-13 12:32:42.021 DEBUG [main] [org.apache.poi.openxml4j.opc.PackageRelationshipCollection.parseRelationshipsPart(PackageRelationshipCollection.java:309)] - Parsing relationship: /xl/worksheets/_rels/sheet1.xml.rels
2022-04-13 12:32:42.022 DEBUG [main] [org.apache.poi.openxml4j.opc.PackageRelationshipCollection.parseRelationshipsPart(PackageRelationshipCollection.java:309)] - Parsing relationship: /_rels/.rels
2022-04-13 12:32:42.036 DEBUG [main] [org.apache.poi.ooxml.POIXMLFactory.createDocumentPart(POIXMLFactory.java:65)] - using default POIXMLDocumentPart for http://schemas.openxmlformats.org/officeDocument/2006/relationships/printerSettings
2022-04-13 12:32:42.059 DEBUG [main] [org.apache.poi.openxml4j.opc.PackageRelationshipCollection.parseRelationshipsPart(PackageRelationshipCollection.java:309)] - Parsing relationship: /xl/_rels/workbook.xml.rels
2022-04-13 12:32:42.061 DEBUG [main] [org.apache.poi.openxml4j.opc.PackageRelationshipCollection.parseRelationshipsPart(PackageRelationshipCollection.java:309)] - Parsing relationship: /xl/worksheets/_rels/sheet1.xml.rels
2022-04-13 12:32:42.062 DEBUG [main] [org.apache.poi.openxml4j.opc.PackageRelationshipCollection.parseRelationshipsPart(PackageRelationshipCollection.java:309)] - Parsing relationship: /_rels/.rels
2022-04-13 12:32:42.075 DEBUG [main] [org.apache.poi.ooxml.POIXMLFactory.createDocumentPart(POIXMLFactory.java:65)] - using default POIXMLDocumentPart for http://schemas.openxmlformats.org/officeDocument/2006/relationships/printerSettings
2022-04-13 12:32:42.148 INFO [main] [POSTapiTests.postData(POSTapiTests.java:55)] - name, gender, email and status added
2022-04-13 12:35:38.175 INFO [main] [POSTapiTests.postData(POSTapiTests.java:36)] - Fetching the user database from excel file
2022-04-13 12:35:38.386 DEBUG [main] [org.apache.poi.openxml4j.opc.PackageRelationshipCollection.parseRelationshipsPart(PackageRelationshipCollection.java:309)] - Parsing relationship: /xl/_rels/workbook.xml.rels
2022-04-13 12:35:38.391 DEBUG [main] [org.apache.poi.openxml4j.opc.PackageRelationshipCollection.parseRelationshipsPart(PackageRelationshipCollection.java:309)] - Parsing relationship: /xl/worksheets/_rels/sheet1.xml.rels
2022-04-13 12:35:38.394 DEBUG [main] [org.apache.poi.openxml4j.opc.PackageRelationshipCollection.parseRelationshipsPart(PackageRelationshipCollection.java:309)] - Parsing relationship: /_rels/.rels
2022-04-13 12:35:38.990 DEBUG [main] [org.apache.poi.ooxml.POIXMLFactory.createDocumentPart(POIXMLFactory.java:65)] - using default POIXMLDocumentPart for http://schemas.openxmlformats.org/officeDocument/2006/relationships/printerSettings
2022-04-13 12:35:39.106 DEBUG [main] [org.apache.poi.openxml4j.opc.PackageRelationshipCollection.parseRelationshipsPart(PackageRelationshipCollection.java:309)] - Parsing relationship: /xl/_rels/workbook.xml.rels
2022-04-13 12:35:39.109 DEBUG [main] [org.apache.poi.openxml4j.opc.PackageRelationshipCollection.parseRelationshipsPart(PackageRelationshipCollection.java:309)] - Parsing relationship: /xl/worksheets/_rels/sheet1.xml.rels
2022-04-13 12:35:39.110 DEBUG [main] [org.apache.poi.openxml4j.opc.PackageRelationshipCollection.parseRelationshipsPart(PackageRelationshipCollection.java:309)] - Parsing relationship: /_rels/.rels
2022-04-13 12:35:39.130 DEBUG [main] [org.apache.poi.ooxml.POIXMLFactory.createDocumentPart(POIXMLFactory.java:65)] - using default POIXMLDocumentPart for http://schemas.openxmlformats.org/officeDocument/2006/relationships/printerSettings
2022-04-13 12:35:39.163 DEBUG [main] [org.apache.poi.openxml4j.opc.PackageRelationshipCollection.parseRelationshipsPart(PackageRelationshipCollection.java:309)] - Parsing relationship: /xl/_rels/workbook.xml.rels
2022-04-13 12:35:39.165 DEBUG [main] [org.apache.poi.openxml4j.opc.PackageRelationshipCollection.parseRelationshipsPart(PackageRelationshipCollection.java:309)] - Parsing relationship: /xl/worksheets/_rels/sheet1.xml.rels
2022-04-13 12:35:39.167 DEBUG [main] [org.apache.poi.openxml4j.opc.PackageRelationshipCollection.parseRelationshipsPart(PackageRelationshipCollection.java:309)] - Parsing relationship: /_rels/.rels
2022-04-13 12:35:39.180 DEBUG [main] [org.apache.poi.ooxml.POIXMLFactory.createDocumentPart(POIXMLFactory.java:65)] - using default POIXMLDocumentPart for http://schemas.openxmlformats.org/officeDocument/2006/relationships/printerSettings
2022-04-13 12:35:39.201 DEBUG [main] [org.apache.poi.openxml4j.opc.PackageRelationshipCollection.parseRelationshipsPart(PackageRelationshipCollection.java:309)] - Parsing relationship: /xl/_rels/workbook.xml.rels
2022-04-13 12:35:39.203 DEBUG [main] [org.apache.poi.openxml4j.opc.PackageRelationshipCollection.parseRelationshipsPart(PackageRelationshipCollection.java:309)] - Parsing relationship: /xl/worksheets/_rels/sheet1.xml.rels
2022-04-13 12:35:39.204 DEBUG [main] [org.apache.poi.openxml4j.opc.PackageRelationshipCollection.parseRelationshipsPart(PackageRelationshipCollection.java:309)] - Parsing relationship: /_rels/.rels
2022-04-13 12:35:39.225 DEBUG [main] [org.apache.poi.ooxml.POIXMLFactory.createDocumentPart(POIXMLFactory.java:65)] - using default POIXMLDocumentPart for http://schemas.openxmlformats.org/officeDocument/2006/relationships/printerSettings
2022-04-13 12:35:39.246 DEBUG [main] [org.apache.poi.openxml4j.opc.PackageRelationshipCollection.parseRelationshipsPart(PackageRelationshipCollection.java:309)] - Parsing relationship: /xl/_rels/workbook.xml.rels
2022-04-13 12:35:39.248 DEBUG [main] [org.apache.poi.openxml4j.opc.PackageRelationshipCollection.parseRelationshipsPart(PackageRelationshipCollection.java:309)] - Parsing relationship: /xl/worksheets/_rels/sheet1.xml.rels
2022-04-13 12:35:39.250 DEBUG [main] [org.apache.poi.openxml4j.opc.PackageRelationshipCollection.parseRelationshipsPart(PackageRelationshipCollection.java:309)] - Parsing relationship: /_rels/.rels
2022-04-13 12:35:39.264 DEBUG [main] [org.apache.poi.ooxml.POIXMLFactory.createDocumentPart(POIXMLFactory.java:65)] - using default POIXMLDocumentPart for http://schemas.openxmlformats.org/officeDocument/2006/relationships/printerSettings
2022-04-13 12:35:39.333 INFO [main] [POSTapiTests.postData(POSTapiTests.java:55)] - name, gender, email and status added
2022-04-13 12:35:40.302 DEBUG [main] [org.apache.poi.openxml4j.opc.PackageRelationshipCollection.parseRelationshipsPart(PackageRelationshipCollection.java:309)] - Parsing relationship: /xl/_rels/workbook.xml.rels
2022-04-13 12:35:40.304 DEBUG [main] [org.apache.poi.openxml4j.opc.PackageRelationshipCollection.parseRelationshipsPart(PackageRelationshipCollection.java:309)] - Parsing relationship: /xl/worksheets/_rels/sheet1.xml.rels
2022-04-13 12:35:40.305 DEBUG [main] [org.apache.poi.openxml4j.opc.PackageRelationshipCollection.parseRelationshipsPart(PackageRelationshipCollection.java:309)] - Parsing relationship: /_rels/.rels
2022-04-13 12:35:40.319 DEBUG [main] [org.apache.poi.ooxml.POIXMLFactory.createDocumentPart(POIXMLFactory.java:65)] - using default POIXMLDocumentPart for http://schemas.openxmlformats.org/officeDocument/2006/relationships/printerSettings
2022-04-13 12:37:23.945 INFO [main] [POSTapiTests.postData(POSTapiTests.java:36)] - Fetching the user database from excel file
2022-04-13 12:37:24.182 DEBUG [main] [org.apache.poi.openxml4j.opc.PackageRelationshipCollection.parseRelationshipsPart(PackageRelationshipCollection.java:309)] - Parsing relationship: /xl/_rels/workbook.xml.rels
2022-04-13 12:37:24.187 DEBUG [main] [org.apache.poi.openxml4j.opc.PackageRelationshipCollection.parseRelationshipsPart(PackageRelationshipCollection.java:309)] - Parsing relationship: /xl/worksheets/_rels/sheet1.xml.rels
2022-04-13 12:37:24.190 DEBUG [main] [org.apache.poi.openxml4j.opc.PackageRelationshipCollection.parseRelationshipsPart(PackageRelationshipCollection.java:309)] - Parsing relationship: /_rels/.rels
2022-04-13 12:37:24.748 DEBUG [main] [org.apache.poi.ooxml.POIXMLFactory.createDocumentPart(POIXMLFactory.java:65)] - using default POIXMLDocumentPart for http://schemas.openxmlformats.org/officeDocument/2006/relationships/printerSettings
2022-04-13 12:37:24.877 DEBUG [main] [org.apache.poi.openxml4j.opc.PackageRelationshipCollection.parseRelationshipsPart(PackageRelationshipCollection.java:309)] - Parsing relationship: /xl/_rels/workbook.xml.rels
2022-04-13 12:37:24.879 DEBUG [main] [org.apache.poi.openxml4j.opc.PackageRelationshipCollection.parseRelationshipsPart(PackageRelationshipCollection.java:309)] - Parsing relationship: /xl/worksheets/_rels/sheet1.xml.rels
2022-04-13 12:37:24.881 DEBUG [main] [org.apache.poi.openxml4j.opc.PackageRelationshipCollection.parseRelationshipsPart(PackageRelationshipCollection.java:309)] - Parsing relationship: /_rels/.rels
2022-04-13 12:37:24.902 DEBUG [main] [org.apache.poi.ooxml.POIXMLFactory.createDocumentPart(POIXMLFactory.java:65)] - using default POIXMLDocumentPart for http://schemas.openxmlformats.org/officeDocument/2006/relationships/printerSettings
2022-04-13 12:37:24.933 DEBUG [main] [org.apache.poi.openxml4j.opc.PackageRelationshipCollection.parseRelationshipsPart(PackageRelationshipCollection.java:309)] - Parsing relationship: /xl/_rels/workbook.xml.rels
2022-04-13 12:37:24.936 DEBUG [main] [org.apache.poi.openxml4j.opc.PackageRelationshipCollection.parseRelationshipsPart(PackageRelationshipCollection.java:309)] - Parsing relationship: /xl/worksheets/_rels/sheet1.xml.rels
2022-04-13 12:37:24.938 DEBUG [main] [org.apache.poi.openxml4j.opc.PackageRelationshipCollection.parseRelationshipsPart(PackageRelationshipCollection.java:309)] - Parsing relationship: /_rels/.rels
2022-04-13 12:37:24.953 DEBUG [main] [org.apache.poi.ooxml.POIXMLFactory.createDocumentPart(POIXMLFactory.java:65)] - using default POIXMLDocumentPart for http://schemas.openxmlformats.org/officeDocument/2006/relationships/printerSettings
2022-04-13 12:37:24.973 DEBUG [main] [org.apache.poi.openxml4j.opc.PackageRelationshipCollection.parseRelationshipsPart(PackageRelationshipCollection.java:309)] - Parsing relationship: /xl/_rels/workbook.xml.rels
2022-04-13 12:37:24.975 DEBUG [main] [org.apache.poi.openxml4j.opc.PackageRelationshipCollection.parseRelationshipsPart(PackageRelationshipCollection.java:309)] - Parsing relationship: /xl/worksheets/_rels/sheet1.xml.rels
2022-04-13 12:37:24.975 DEBUG [main] [org.apache.poi.openxml4j.opc.PackageRelationshipCollection.parseRelationshipsPart(PackageRelationshipCollection.java:309)] - Parsing relationship: /_rels/.rels
2022-04-13 12:37:24.992 DEBUG [main] [org.apache.poi.ooxml.POIXMLFactory.createDocumentPart(POIXMLFactory.java:65)] - using default POIXMLDocumentPart for http://schemas.openxmlformats.org/officeDocument/2006/relationships/printerSettings
2022-04-13 12:37:25.012 DEBUG [main] [org.apache.poi.openxml4j.opc.PackageRelationshipCollection.parseRelationshipsPart(PackageRelationshipCollection.java:309)] - Parsing relationship: /xl/_rels/workbook.xml.rels
2022-04-13 12:37:25.014 DEBUG [main] [org.apache.poi.openxml4j.opc.PackageRelationshipCollection.parseRelationshipsPart(PackageRelationshipCollection.java:309)] - Parsing relationship: /xl/worksheets/_rels/sheet1.xml.rels
2022-04-13 12:37:25.015 DEBUG [main] [org.apache.poi.openxml4j.opc.PackageRelationshipCollection.parseRelationshipsPart(PackageRelationshipCollection.java:309)] - Parsing relationship: /_rels/.rels
2022-04-13 12:37:25.032 DEBUG [main] [org.apache.poi.ooxml.POIXMLFactory.createDocumentPart(POIXMLFactory.java:65)] - using default POIXMLDocumentPart for http://schemas.openxmlformats.org/officeDocument/2006/relationships/printerSettings
2022-04-13 12:37:25.112 INFO [main] [POSTapiTests.postData(POSTapiTests.java:55)] - name, gender, email and status added
2022-04-13 12:37:25.763 DEBUG [main] [org.apache.poi.openxml4j.opc.PackageRelationshipCollection.parseRelationshipsPart(PackageRelationshipCollection.java:309)] - Parsing relationship: /xl/_rels/workbook.xml.rels
2022-04-13 12:37:25.765 DEBUG [main] [org.apache.poi.openxml4j.opc.PackageRelationshipCollection.parseRelationshipsPart(PackageRelationshipCollection.java:309)] - Parsing relationship: /xl/worksheets/_rels/sheet1.xml.rels
2022-04-13 12:37:25.766 DEBUG [main] [org.apache.poi.openxml4j.opc.PackageRelationshipCollection.parseRelationshipsPart(PackageRelationshipCollection.java:309)] - Parsing relationship: /_rels/.rels
2022-04-13 12:37:25.780 DEBUG [main] [org.apache.poi.ooxml.POIXMLFactory.createDocumentPart(POIXMLFactory.java:65)] - using default POIXMLDocumentPart for http://schemas.openxmlformats.org/officeDocument/2006/relationships/printerSettings
2022-04-13 12:39:10.628 INFO [main] [POSTapiTests.postData(POSTapiTests.java:36)] - Fetching the user database from excel file
2022-04-13 12:39:10.850 DEBUG [main] [org.apache.poi.openxml4j.opc.PackageRelationshipCollection.parseRelationshipsPart(PackageRelationshipCollection.java:309)] - Parsing relationship: /xl/_rels/workbook.xml.rels
2022-04-13 12:39:10.855 DEBUG [main] [org.apache.poi.openxml4j.opc.PackageRelationshipCollection.parseRelationshipsPart(PackageRelationshipCollection.java:309)] - Parsing relationship: /xl/worksheets/_rels/sheet1.xml.rels
2022-04-13 12:39:10.857 DEBUG [main] [org.apache.poi.openxml4j.opc.PackageRelationshipCollection.parseRelationshipsPart(PackageRelationshipCollection.java:309)] - Parsing relationship: /_rels/.rels
2022-04-13 12:39:11.431 DEBUG [main] [org.apache.poi.ooxml.POIXMLFactory.createDocumentPart(POIXMLFactory.java:65)] - using default POIXMLDocumentPart for http://schemas.openxmlformats.org/officeDocument/2006/relationships/printerSettings
2022-04-13 12:39:11.553 DEBUG [main] [org.apache.poi.openxml4j.opc.PackageRelationshipCollection.parseRelationshipsPart(PackageRelationshipCollection.java:309)] - Parsing relationship: /xl/_rels/workbook.xml.rels
2022-04-13 12:39:11.556 DEBUG [main] [org.apache.poi.openxml4j.opc.PackageRelationshipCollection.parseRelationshipsPart(PackageRelationshipCollection.java:309)] - Parsing relationship: /xl/worksheets/_rels/sheet1.xml.rels
2022-04-13 12:39:11.558 DEBUG [main] [org.apache.poi.openxml4j.opc.PackageRelationshipCollection.parseRelationshipsPart(PackageRelationshipCollection.java:309)] - Parsing relationship: /_rels/.rels
2022-04-13 12:39:11.579 DEBUG [main] [org.apache.poi.ooxml.POIXMLFactory.createDocumentPart(POIXMLFactory.java:65)] - using default POIXMLDocumentPart for http://schemas.openxmlformats.org/officeDocument/2006/relationships/printerSettings
2022-04-13 12:39:11.611 DEBUG [main] [org.apache.poi.openxml4j.opc.PackageRelationshipCollection.parseRelationshipsPart(PackageRelationshipCollection.java:309)] - Parsing relationship: /xl/_rels/workbook.xml.rels
2022-04-13 12:39:11.613 DEBUG [main] [org.apache.poi.openxml4j.opc.PackageRelationshipCollection.parseRelationshipsPart(PackageRelationshipCollection.java:309)] - Parsing relationship: /xl/worksheets/_rels/sheet1.xml.rels
2022-04-13 12:39:11.614 DEBUG [main] [org.apache.poi.openxml4j.opc.PackageRelationshipCollection.parseRelationshipsPart(PackageRelationshipCollection.java:309)] - Parsing relationship: /_rels/.rels
2022-04-13 12:39:11.632 DEBUG [main] [org.apache.poi.ooxml.POIXMLFactory.createDocumentPart(POIXMLFactory.java:65)] - using default POIXMLDocumentPart for http://schemas.openxmlformats.org/officeDocument/2006/relationships/printerSettings
2022-04-13 12:39:11.653 DEBUG [main] [org.apache.poi.openxml4j.opc.PackageRelationshipCollection.parseRelationshipsPart(PackageRelationshipCollection.java:309)] - Parsing relationship: /xl/_rels/workbook.xml.rels
2022-04-13 12:39:11.654 DEBUG [main] [org.apache.poi.openxml4j.opc.PackageRelationshipCollection.parseRelationshipsPart(PackageRelationshipCollection.java:309)] - Parsing relationship: /xl/worksheets/_rels/sheet1.xml.rels
2022-04-13 12:39:11.656 DEBUG [main] [org.apache.poi.openxml4j.opc.PackageRelationshipCollection.parseRelationshipsPart(PackageRelationshipCollection.java:309)] - Parsing relationship: /_rels/.rels
2022-04-13 12:39:11.672 DEBUG [main] [org.apache.poi.ooxml.POIXMLFactory.createDocumentPart(POIXMLFactory.java:65)] - using default POIXMLDocumentPart for http://schemas.openxmlformats.org/officeDocument/2006/relationships/printerSettings
2022-04-13 12:39:11.691 DEBUG [main] [org.apache.poi.openxml4j.opc.PackageRelationshipCollection.parseRelationshipsPart(PackageRelationshipCollection.java:309)] - Parsing relationship: /xl/_rels/workbook.xml.rels
2022-04-13 12:39:11.692 DEBUG [main] [org.apache.poi.openxml4j.opc.PackageRelationshipCollection.parseRelationshipsPart(PackageRelationshipCollection.java:309)] - Parsing relationship: /xl/worksheets/_rels/sheet1.xml.rels
2022-04-13 12:39:11.694 DEBUG [main] [org.apache.poi.openxml4j.opc.PackageRelationshipCollection.parseRelationshipsPart(PackageRelationshipCollection.java:309)] - Parsing relationship: /_rels/.rels
2022-04-13 12:39:11.710 DEBUG [main] [org.apache.poi.ooxml.POIXMLFactory.createDocumentPart(POIXMLFactory.java:65)] - using default POIXMLDocumentPart for http://schemas.openxmlformats.org/officeDocument/2006/relationships/printerSettings
2022-04-13 12:39:11.787 INFO [main] [POSTapiTests.postData(POSTapiTests.java:55)] - name, gender, email and status added
2022-04-13 12:39:12.464 DEBUG [main] [org.apache.poi.openxml4j.opc.PackageRelationshipCollection.parseRelationshipsPart(PackageRelationshipCollection.java:309)] - Parsing relationship: /xl/_rels/workbook.xml.rels
2022-04-13 12:39:12.466 DEBUG [main] [org.apache.poi.openxml4j.opc.PackageRelationshipCollection.parseRelationshipsPart(PackageRelationshipCollection.java:309)] - Parsing relationship: /xl/worksheets/_rels/sheet1.xml.rels
2022-04-13 12:39:12.467 DEBUG [main] [org.apache.poi.openxml4j.opc.PackageRelationshipCollection.parseRelationshipsPart(PackageRelationshipCollection.java:309)] - Parsing relationship: /_rels/.rels
2022-04-13 12:39:12.482 DEBUG [main] [org.apache.poi.ooxml.POIXMLFactory.createDocumentPart(POIXMLFactory.java:65)] - using default POIXMLDocumentPart for http://schemas.openxmlformats.org/officeDocument/2006/relationships/printerSettings
